<?xml version="1.0" encoding="UTF-8" ?>
<testsuite errors="0" failures="0" hostname="xiss-burgs-iMac.local" name="client.MoveToActionTest" tests="1" time="0.074" timestamp="2011-07-25T00:39:21">
  <properties>
    <property name="netbeans.autoupdate.country" value="US" />
    <property name="javac.test.classpath" value="../../jmonkeyengine/engine/dist/jMonkeyEngine3.jar:/Users/xissburg/Documents/Projects/jmonkeyengine/engine/lib/lwjgl/jME3-lwjgl-natives.jar;/Users/xissburg/Documents/Projects/jmonkeyengine/engine/lib/lwjgl/jinput.jar;/Users/xissburg/Documents/Projects/jmonkeyengine/engine/lib/lwjgl/lwjgl.jar:/Users/xissburg/Documents/Projects/jmonkeyengine/engine/lib/niftygui/nifty-1.3-SNAPSHOT.jar;/Users/xissburg/Documents/Projects/jmonkeyengine/engine/lib/niftygui/nifty-default-controls-1.3-SNAPSHOT.jar;/Users/xissburg/Documents/Projects/jmonkeyengine/engine/lib/niftygui/nifty-style-black-1.3-SNAPSHOT.jar;/Users/xissburg/Documents/Projects/jmonkeyengine/engine/lib/niftygui/nifty-style-grey-1.0.jar;/Users/xissburg/Documents/Projects/jmonkeyengine/engine/lib/niftygui/nifty-examples-1.3-SNAPSHOT.jar;/Users/xissburg/Documents/Projects/jmonkeyengine/engine/lib/niftygui/xmlpull-xpp3-1.1.4c.jar;/Users/xissburg/Documents/Projects/jmonkeyengine/engine/lib/niftygui/eventbus-1.4.jar:/Users/xissburg/Documents/Projects/jmonkeyengine/engine/lib/jogg/j-ogg-oggd.jar:/Users/xissburg/Documents/Projects/jmonkeyengine/engine/lib/jogg/j-ogg-vorbisd.jar:/Users/xissburg/Documents/Projects/jmonkeyengine/engine/lib/../src/test-data/:../../jbox2d/jbox2d-library/target/jbox2d-library-2.1.2.1-SNAPSHOT.jar:../../jmonkeyengine/engine/lib/slf4j-api-1.6.1.jar:../../slf4j-1.6.1/slf4j-simple-1.6.1.jar:build/classes:/Users/xissburg/Documents/Projects/jmonkeyengine/engine/lib/junit_4/junit-4.5.jar:../../jmonkeyengine/engine/dist/jMonkeyEngine3.jar" />
    <property name="libs.jbullet.classpath" value="/Users/xissburg/Documents/Projects/jmonkeyengine/engine/lib/jbullet/jbullet.jar:/Users/xissburg/Documents/Projects/jmonkeyengine/engine/lib/jbullet/stack-alloc.jar:/Users/xissburg/Documents/Projects/jmonkeyengine/engine/lib/jbullet/vecmath.jar" />
    <property name="ant.file.type.DBSClient" value="file" />
    <property name="libs.junit.javadoc" value="/Users/xissburg/Documents/Projects/jmonkeyengine/engine/lib/junit/junit-3.8.2-api.zip" />
    <property name="ant.core.lib" value="/Applications/NetBeans/NetBeans 7.0.app/Contents/Resources/NetBeans/java/ant/lib/ant.jar" />
    <property name="libs.swing-app-framework.src" value="" />
    <property name="javadoc.windowtitle" value="" />
    <property name="libs.toplink.classpath" value="/Applications/NetBeans/NetBeans 7.0.app/Contents/Resources/NetBeans/java/modules/ext/toplink/toplink-essentials.jar:/Applications/NetBeans/NetBeans 7.0.app/Contents/Resources/NetBeans/java/modules/ext/toplink/toplink-essentials-agent.jar" />
    <property name="user.dir" value="/Users/xissburg/Documents/Projects/DynamicButtonSoccer/DBSClient" />
    <property name="com.apple.mrj.application.apple.menu.about.name" value="NetBeans" />
    <property name="libs.hibernate-persistence.javadoc" value="" />
    <property name="java.vm.version" value="20.0-b11-370" />
    <property name="source.reference.slf4j-simple-1.6.1.jar" value="../../jmonkeyengine/engine/lib/slf4j-simple-1.6.1-sources.jar" />
    <property name="libs.MySQLDriver.classpath" value="/Applications/NetBeans/NetBeans 7.0.app/Contents/Resources/NetBeans/ide/modules/ext/mysql-connector-java-5.1.13-bin.jar" />
    <property name="libs.eclipselinkmodelgen.src" value="" />
    <property name="javadoc.notree" value="false" />
    <property name="netbeans.autoupdate.version" value="1.23" />
    <property name="libs.hibernate-support.maven-pom" value="" />
    <property name="libs.hibernate-support.javadoc" value="" />
    <property name="jdk.home" value="/Library/Java/JavaVirtualMachines/1.6.0_25-b06-370.jdk/Contents/Home" />
    <property name="libs.javac-api.src" value="" />
    <property name="javadoc.noindex" value="false" />
    <property name="sun.os.patch.level" value="unknown" />
    <property name="libs.niftygui1.3.classpath" value="/Users/xissburg/Documents/Projects/jmonkeyengine/engine/lib/niftygui/nifty-1.3-SNAPSHOT.jar;/Users/xissburg/Documents/Projects/jmonkeyengine/engine/lib/niftygui/nifty-default-controls-1.3-SNAPSHOT.jar;/Users/xissburg/Documents/Projects/jmonkeyengine/engine/lib/niftygui/nifty-style-black-1.3-SNAPSHOT.jar;/Users/xissburg/Documents/Projects/jmonkeyengine/engine/lib/niftygui/nifty-style-grey-1.0.jar;/Users/xissburg/Documents/Projects/jmonkeyengine/engine/lib/niftygui/nifty-examples-1.3-SNAPSHOT.jar;/Users/xissburg/Documents/Projects/jmonkeyengine/engine/lib/niftygui/xmlpull-xpp3-1.1.4c.jar;/Users/xissburg/Documents/Projects/jmonkeyengine/engine/lib/niftygui/eventbus-1.4.jar" />
    <property name="do.archive+manifest.available" value="true" />
    <property name="java.vm.specification.name" value="Java Virtual Machine Specification" />
    <property name="nb.show.statistics.ui" value="usageStatisticsEnabled" />
    <property name="netbeans.autoupdate.variant" value="" />
    <property name="have.tests" value="true" />
    <property name="org.xml.sax.driver" value="com.sun.org.apache.xerces.internal.jaxp.SAXParserImpl$JAXPSAXParser" />
    <property name="reference.jMonkeyEngine3.jar" value="../../jmonkeyengine/engine/dist/jMonkeyEngine3.jar" />
    <property name="libs.javac-api.javadoc" value="" />
    <property name="libs.jme3-test-data.classpath" value="/Users/xissburg/Documents/Projects/jmonkeyengine/engine/lib/../src/test-data/" />
    <property name="os.name" value="Mac OS X" />
    <property name="libs.beans-binding.classpath" value="/Applications/NetBeans/NetBeans 7.0.app/Contents/Resources/NetBeans/java/modules/ext/beansbinding-1.2.1.jar" />
    <property name="ap.proc.none.internal" value="" />
    <property name="mrj.version" value="1060.1.6.0_25-370" />
    <property name="libs.JWSAntTasks.maven-pom" value="" />
    <property name="jnlp.signing.keystore" value="" />
    <property name="libs.jogg.classpath" value="/Users/xissburg/Documents/Projects/jmonkeyengine/engine/lib/jogg/j-ogg-oggd.jar:/Users/xissburg/Documents/Projects/jmonkeyengine/engine/lib/jogg/j-ogg-vorbisd.jar" />
    <property name="java.vendor.url.bug" value="http://bugreport.apple.com/" />
    <property name="libs.jaxb.maven-pom" value="" />
    <property name="os.arch" value="x86_64" />
    <property name="libs.eclipselink.src" value="" />
    <property name="user.name" value="xissburg" />
    <property name="manifest.available+main.class" value="true" />
    <property name="libs.swing-layout.maven-pom" value="" />
    <property name="sun.java.command" value="org.apache.tools.ant.taskdefs.optional.junit.JUnitTestRunner client.MoveToActionTest filtertrace=true haltOnError=false haltOnFailure=false showoutput=true outputtoformatters=true logfailedtests=true logtestlistenerevents=true formatter=org.apache.tools.ant.taskdefs.optional.junit.BriefJUnitResultFormatter formatter=org.apache.tools.ant.taskdefs.optional.junit.XMLJUnitResultFormatter,/Users/xissburg/Documents/Projects/DynamicButtonSoccer/DBSClient/build/test/results/TEST-client.MoveToActionTest.xml crashfile=/Users/xissburg/Documents/Projects/DynamicButtonSoccer/DBSClient/build/junitvmwatcher7700235679470832598.properties propsfile=/Users/xissburg/Documents/Projects/DynamicButtonSoccer/DBSClient/build/junit6592523968241207835.properties" />
    <property name="build.classes.dir" value="build/classes" />
    <property name="netbeans.accept_license_class" value="org.netbeans.license.AcceptLicense" />
    <property name="jnlp.descriptor" value="application" />
    <property name="build.sysclasspath" value="ignore" />
    <property name="ap.supported.internal" value="true" />
    <property name="libs.jaxws21.javadoc" value="/Applications/NetBeans/NetBeans 7.0.app/Contents/Resources/NetBeans/java/docs/jaxws-api-doc.zip" />
    <property name="includes" value="**" />
    <property name="user.country" value="US" />
    <property name="manifest.file" value="manifest.mf" />
    <property name="javadoc.encoding" value="UTF-8" />
    <property name="javac.classpath" value="../../jmonkeyengine/engine/dist/jMonkeyEngine3.jar:/Users/xissburg/Documents/Projects/jmonkeyengine/engine/lib/lwjgl/jME3-lwjgl-natives.jar;/Users/xissburg/Documents/Projects/jmonkeyengine/engine/lib/lwjgl/jinput.jar;/Users/xissburg/Documents/Projects/jmonkeyengine/engine/lib/lwjgl/lwjgl.jar:/Users/xissburg/Documents/Projects/jmonkeyengine/engine/lib/niftygui/nifty-1.3-SNAPSHOT.jar;/Users/xissburg/Documents/Projects/jmonkeyengine/engine/lib/niftygui/nifty-default-controls-1.3-SNAPSHOT.jar;/Users/xissburg/Documents/Projects/jmonkeyengine/engine/lib/niftygui/nifty-style-black-1.3-SNAPSHOT.jar;/Users/xissburg/Documents/Projects/jmonkeyengine/engine/lib/niftygui/nifty-style-grey-1.0.jar;/Users/xissburg/Documents/Projects/jmonkeyengine/engine/lib/niftygui/nifty-examples-1.3-SNAPSHOT.jar;/Users/xissburg/Documents/Projects/jmonkeyengine/engine/lib/niftygui/xmlpull-xpp3-1.1.4c.jar;/Users/xissburg/Documents/Projects/jmonkeyengine/engine/lib/niftygui/eventbus-1.4.jar:/Users/xissburg/Documents/Projects/jmonkeyengine/engine/lib/jogg/j-ogg-oggd.jar:/Users/xissburg/Documents/Projects/jmonkeyengine/engine/lib/jogg/j-ogg-vorbisd.jar:/Users/xissburg/Documents/Projects/jmonkeyengine/engine/lib/../src/test-data/:../../jbox2d/jbox2d-library/target/jbox2d-library-2.1.2.1-SNAPSHOT.jar:../../jmonkeyengine/engine/lib/slf4j-api-1.6.1.jar:../../slf4j-1.6.1/slf4j-simple-1.6.1.jar" />
    <property name="debug-transport" value="dt_socket" />
    <property name="netbeans.system_http_non_proxy_hosts" value="" />
    <property name="netbeans.home" value="/Applications/NetBeans/NetBeans 7.0.app/Contents/Resources/NetBeans/platform" />
    <property name="build.compiler.emacs" value="true" />
    <property name="libs.ejb3-persistence.src" value="" />
    <property name="java.endorsed.dirs" value="/Library/Java/JavaVirtualMachines/1.6.0_25-b06-370.jdk/Contents/Home/lib/endorsed" />
    <property name="netbeans.dynamic.classpath" value="/Applications/NetBeans/NetBeans 7.0.app/Contents/Resources/NetBeans/platform/core/core.jar:/Applications/NetBeans/NetBeans 7.0.app/Contents/Resources/NetBeans/platform/core/org-openide-filesystems.jar:/Applications/NetBeans/NetBeans 7.0.app/Contents/Resources/NetBeans/platform/core/locale/core_ja.jar:/Applications/NetBeans/NetBeans 7.0.app/Contents/Resources/NetBeans/platform/core/locale/core_pt_BR.jar:/Applications/NetBeans/NetBeans 7.0.app/Contents/Resources/NetBeans/platform/core/locale/core_ru.jar:/Applications/NetBeans/NetBeans 7.0.app/Contents/Resources/NetBeans/platform/core/locale/core_zh_CN.jar:/Applications/NetBeans/NetBeans 7.0.app/Contents/Resources/NetBeans/platform/core/locale/org-openide-filesystems_ja.jar:/Applications/NetBeans/NetBeans 7.0.app/Contents/Resources/NetBeans/platform/core/locale/org-openide-filesystems_pt_BR.jar:/Applications/NetBeans/NetBeans 7.0.app/Contents/Resources/NetBeans/platform/core/locale/org-openide-filesystems_ru.jar:/Applications/NetBeans/NetBeans 7.0.app/Contents/Resources/NetBeans/platform/core/locale/org-openide-filesystems_zh_CN.jar:/Applications/NetBeans/NetBeans 7.0.app/Contents/Resources/NetBeans/nb/core/org-netbeans-upgrader.jar:/Applications/NetBeans/NetBeans 7.0.app/Contents/Resources/NetBeans/nb/core/locale/core_nb.jar:/Applications/NetBeans/NetBeans 7.0.app/Contents/Resources/NetBeans/nb/core/locale/core_nb_ja.jar:/Applications/NetBeans/NetBeans 7.0.app/Contents/Resources/NetBeans/nb/core/locale/core_nb_pt_BR.jar:/Applications/NetBeans/NetBeans 7.0.app/Contents/Resources/NetBeans/nb/core/locale/core_nb_ru.jar:/Applications/NetBeans/NetBeans 7.0.app/Contents/Resources/NetBeans/nb/core/locale/core_nb_zh_CN.jar:/Applications/NetBeans/NetBeans 7.0.app/Contents/Resources/NetBeans/nb/core/locale/org-netbeans-upgrader_ja.jar:/Applications/NetBeans/NetBeans 7.0.app/Contents/Resources/NetBeans/nb/core/locale/org-netbeans-upgrader_pt_BR.jar:/Applications/NetBeans/NetBeans 7.0.app/Contents/Resources/NetBeans/nb/core/locale/org-netbeans-upgrader_ru.jar:/Applications/NetBeans/NetBeans 7.0.app/Contents/Resources/NetBeans/nb/core/locale/org-netbeans-upgrader_zh_CN.jar" />
    <property name="jnlp.enabled" value="false" />
    <property name="java.vm.specification.version" value="1.0" />
    <property name="libs.jogl2.classpath" value="/Users/xissburg/Documents/Projects/jmonkeyengine/engine/lib/jogl2/jogl.all.jar;/Users/xissburg/Documents/Projects/jmonkeyengine/engine/lib/jogl2/nativewindow.all.jar;/Users/xissburg/Documents/Projects/jmonkeyengine/engine/lib/jogl2/newt.all.jar;/Users/xissburg/Documents/Projects/jmonkeyengine/engine/lib/jogl2/gluegen-rt.jar" />
    <property name="ftp.nonProxyHosts" value="local|*.local|169.254/16|*.169.254/16" />
    <property name="platforms.JDK_1.6.home" value="/Library/Java/JavaVirtualMachines/1.6.0_25-b06-370.jdk/Contents/Home" />
    <property name="libs.hibernate-persistence.classpath" value="/Applications/NetBeans/NetBeans 7.0.app/Contents/Resources/NetBeans/java/modules/ext/hibernate/antlr-2.7.6.jar:/Applications/NetBeans/NetBeans 7.0.app/Contents/Resources/NetBeans/java/modules/ext/hibernate/asm.jar:/Applications/NetBeans/NetBeans 7.0.app/Contents/Resources/NetBeans/java/modules/ext/hibernate/asm-attrs.jar:/Applications/NetBeans/NetBeans 7.0.app/Contents/Resources/NetBeans/java/modules/ext/hibernate/cglib-2.1.3.jar:/Applications/NetBeans/NetBeans 7.0.app/Contents/Resources/NetBeans/java/modules/ext/hibernate/commons-collections-2.1.1.jar:/Applications/NetBeans/NetBeans 7.0.app/Contents/Resources/NetBeans/ide/modules/ext/commons-logging-1.1.jar:/Applications/NetBeans/NetBeans 7.0.app/Contents/Resources/NetBeans/java/modules/ext/hibernate/dom4j-1.6.1.jar:/Applications/NetBeans/NetBeans 7.0.app/Contents/Resources/NetBeans/java/modules/ext/hibernate/ehcache-1.2.3.jar:/Applications/NetBeans/NetBeans 7.0.app/Contents/Resources/NetBeans/java/modules/ext/hibernate/jdbc2_0-stdext.jar:/Applications/NetBeans/NetBeans 7.0.app/Contents/Resources/NetBeans/java/modules/ext/hibernate/jta.jar:/Applications/NetBeans/NetBeans 7.0.app/Contents/Resources/NetBeans/java/modules/ext/hibernate/hibernate3.jar:/Applications/NetBeans/NetBeans 7.0.app/Contents/Resources/NetBeans/java/modules/ext/hibernate/hibernate-tools.jar:/Applications/NetBeans/NetBeans 7.0.app/Contents/Resources/NetBeans/java/modules/ext/hibernate/hibernate-annotations.jar:/Applications/NetBeans/NetBeans 7.0.app/Contents/Resources/NetBeans/java/modules/ext/hibernate/hibernate-commons-annotations.jar:/Applications/NetBeans/NetBeans 7.0.app/Contents/Resources/NetBeans/java/modules/ext/hibernate/hibernate-entitymanager.jar:/Applications/NetBeans/NetBeans 7.0.app/Contents/Resources/NetBeans/java/modules/ext/hibernate/javassist.jar:/Applications/NetBeans/NetBeans 7.0.app/Contents/Resources/NetBeans/java/modules/ext/hibernate/ejb3-persistence.jar" />
    <property name="libs.jaxws21.src" value="" />
    <property name="application.title" value="DBSClient" />
    <property name="do.archive" value="true" />
    <property name="libs.swing-app-framework.classpath" value="/Applications/NetBeans/NetBeans 7.0.app/Contents/Resources/NetBeans/java/modules/ext/appframework-1.0.3.jar:/Applications/NetBeans/NetBeans 7.0.app/Contents/Resources/NetBeans/java/modules/ext/swing-worker-1.1.jar" />
    <property name="netbeans.autoupdate.language" value="en" />
    <property name="java.vendor" value="Apple Inc." />
    <property name="platforms.JDK_1.6.compiler" value="modern" />
    <property name="jar.index.metainf" value="false" />
    <property name="javac.debug" value="true" />
    <property name="javadoc.splitindex" value="true" />
    <property name="file.separator" value="/" />
    <property name="libs.junit_4.maven-pom" value="" />
    <property name="mkdist.disabled" value="false" />
    <property name="javac.test.processorpath" value="../../jmonkeyengine/engine/dist/jMonkeyEngine3.jar:/Users/xissburg/Documents/Projects/jmonkeyengine/engine/lib/lwjgl/jME3-lwjgl-natives.jar;/Users/xissburg/Documents/Projects/jmonkeyengine/engine/lib/lwjgl/jinput.jar;/Users/xissburg/Documents/Projects/jmonkeyengine/engine/lib/lwjgl/lwjgl.jar:/Users/xissburg/Documents/Projects/jmonkeyengine/engine/lib/niftygui/nifty-1.3-SNAPSHOT.jar;/Users/xissburg/Documents/Projects/jmonkeyengine/engine/lib/niftygui/nifty-default-controls-1.3-SNAPSHOT.jar;/Users/xissburg/Documents/Projects/jmonkeyengine/engine/lib/niftygui/nifty-style-black-1.3-SNAPSHOT.jar;/Users/xissburg/Documents/Projects/jmonkeyengine/engine/lib/niftygui/nifty-style-grey-1.0.jar;/Users/xissburg/Documents/Projects/jmonkeyengine/engine/lib/niftygui/nifty-examples-1.3-SNAPSHOT.jar;/Users/xissburg/Documents/Projects/jmonkeyengine/engine/lib/niftygui/xmlpull-xpp3-1.1.4c.jar;/Users/xissburg/Documents/Projects/jmonkeyengine/engine/lib/niftygui/eventbus-1.4.jar:/Users/xissburg/Documents/Projects/jmonkeyengine/engine/lib/jogg/j-ogg-oggd.jar:/Users/xissburg/Documents/Projects/jmonkeyengine/engine/lib/jogg/j-ogg-vorbisd.jar:/Users/xissburg/Documents/Projects/jmonkeyengine/engine/lib/../src/test-data/:../../jbox2d/jbox2d-library/target/jbox2d-library-2.1.2.1-SNAPSHOT.jar:../../jmonkeyengine/engine/lib/slf4j-api-1.6.1.jar:../../slf4j-1.6.1/slf4j-simple-1.6.1.jar:build/classes:/Users/xissburg/Documents/Projects/jmonkeyengine/engine/lib/junit_4/junit-4.5.jar:../../jmonkeyengine/engine/dist/jMonkeyEngine3.jar" />
    <property name="netbeans.buildnumber" value="201104080000" />
    <property name="libs.JWSAntTasks.javadoc" value="" />
    <property name="build.generated.sources.dir" value="build/generated-sources" />
    <property name="libs.eclipselinkmodelgen.classpath" value="/Applications/NetBeans/NetBeans 7.0.app/Contents/Resources/NetBeans/java/modules/ext/eclipselink/eclipselink-jpa-modelgen-2.2.0.jar" />
    <property name="sun.java.launcher" value="SUN_STANDARD" />
    <property name="libs.junit.classpath" value="/Users/xissburg/Documents/Projects/jmonkeyengine/engine/lib/junit/junit-3.8.2.jar" />
    <property name="libs.jaxb.javadoc" value="/Applications/NetBeans/NetBeans 7.0.app/Contents/Resources/NetBeans/ide/docs/jaxb-api-doc.zip" />
    <property name="org.openide.awt.SwingBrowserImpl.do-not-block-awt" value="false" />
    <property name="ant.home" value="/Applications/NetBeans/NetBeans 7.0.app/Contents/Resources/NetBeans/java/ant" />
    <property name="libs.junit_4.src" value="/Users/xissburg/Documents/Projects/jmonkeyengine/engine/lib/junit_4/junit-4.5-src.jar" />
    <property name="libs.absolutelayout.maven-pom" value="" />
    <property name="ant.java.version" value="1.6" />
    <property name="java.library.path" value=".:/Library/Java/Extensions:/System/Library/Java/Extensions:/usr/lib/java" />
    <property name="javadoc.author" value="false" />
    <property name="manifest.available+main.class-mkdist.available" value="true" />
    <property name="java.util.logging.config.class" value="org.netbeans.core.startup.TopLogging" />
    <property name="libs.PostgreSQLDriver.src" value="" />
    <property name="sun.arch.data.model" value="64" />
    <property name="basedir" value="/Users/xissburg/Documents/Projects/DynamicButtonSoccer/DBSClient" />
    <property name="jar.compress" value="false" />
    <property name="path.separator" value=":" />
    <property name="ant.junit.enabletestlistenerevents" value="true" />
    <property name="file.reference.jbox2d-library-2.1.2.1-SNAPSHOT.jar" value="../../jbox2d/jbox2d-library/target/jbox2d-library-2.1.2.1-SNAPSHOT.jar" />
    <property name="sun.io.unicode.encoding" value="UnicodeLittle" />
    <property name="libs.jaxws21.classpath" value="/Applications/NetBeans/NetBeans 7.0.app/Contents/Resources/NetBeans/ide/modules/ext/jaxb/jaxb-impl.jar:/Applications/NetBeans/NetBeans 7.0.app/Contents/Resources/NetBeans/ide/modules/ext/jaxb/jaxb-xjc.jar:/Applications/NetBeans/NetBeans 7.0.app/Contents/Resources/NetBeans/java/modules/ext/jaxws22/FastInfoset.jar:/Applications/NetBeans/NetBeans 7.0.app/Contents/Resources/NetBeans/java/modules/ext/jaxws22/gmbal-api-only.jar:/Applications/NetBeans/NetBeans 7.0.app/Contents/Resources/NetBeans/java/modules/ext/jaxws22/http.jar:/Applications/NetBeans/NetBeans 7.0.app/Contents/Resources/NetBeans/java/modules/ext/jaxws22/jaxws-rt.jar:/Applications/NetBeans/NetBeans 7.0.app/Contents/Resources/NetBeans/java/modules/ext/jaxws22/jaxws-tools.jar:/Applications/NetBeans/NetBeans 7.0.app/Contents/Resources/NetBeans/java/modules/ext/jaxws22/management-api.jar:/Applications/NetBeans/NetBeans 7.0.app/Contents/Resources/NetBeans/java/modules/ext/jaxws22/mimepull.jar:/Applications/NetBeans/NetBeans 7.0.app/Contents/Resources/NetBeans/java/modules/ext/jaxws22/policy.jar:/Applications/NetBeans/NetBeans 7.0.app/Contents/Resources/NetBeans/java/modules/ext/jaxws22/saaj-impl.jar:/Applications/NetBeans/NetBeans 7.0.app/Contents/Resources/NetBeans/java/modules/ext/jaxws22/stax-ex.jar:/Applications/NetBeans/NetBeans 7.0.app/Contents/Resources/NetBeans/java/modules/ext/jaxws22/streambuffer.jar:/Applications/NetBeans/NetBeans 7.0.app/Contents/Resources/NetBeans/java/modules/ext/jaxws22/woodstox.jar:/Applications/NetBeans/NetBeans 7.0.app/Contents/Resources/NetBeans/java/modules/ext/jaxws22/api/jaxws-api.jar:/Applications/NetBeans/NetBeans 7.0.app/Contents/Resources/NetBeans/java/modules/ext/jaxws22/api/jsr181-api.jar:/Applications/NetBeans/NetBeans 7.0.app/Contents/Resources/NetBeans/java/modules/ext/jaxws22/api/jsr250-api.jar:/Applications/NetBeans/NetBeans 7.0.app/Contents/Resources/NetBeans/java/modules/ext/jaxws22/api/saaj-api.jar:/Applications/NetBeans/NetBeans 7.0.app/Contents/Resources/NetBeans/ide/modules/ext/jaxb/activation.jar:/Applications/NetBeans/NetBeans 7.0.app/Contents/Resources/NetBeans/ide/modules/ext/jaxb/api/jaxb-api.jar:/Applications/NetBeans/NetBeans 7.0.app/Contents/Resources/NetBeans/ide/modules/ext/jaxb/api/jsr173_api.jar" />
    <property name="compile.on.save" value="true" />
    <property name="apple.awt.graphics.UseQuartz" value="true" />
    <property name="user.language" value="en" />
    <property name="libs.spring-framework.classpath" value="/Applications/NetBeans/NetBeans 7.0.app/Contents/Resources/NetBeans/ide/modules/ext/commons-logging-1.1.jar:/Applications/NetBeans/NetBeans 7.0.app/Contents/Resources/NetBeans/java/modules/ext/cglib-2.2.jar:/Applications/NetBeans/NetBeans 7.0.app/Contents/Resources/NetBeans/java/modules/ext/spring/spring-2.5.6.SEC01.jar" />
    <property name="libs.eclipselink.maven-pom" value="" />
    <property name="application.vendor" value="xissburg" />
    <property name="manifest.available" value="true" />
    <property name="libs.spring-framework300.maven-pom" value="" />
    <property name="run.test.classpath" value="../../jmonkeyengine/engine/dist/jMonkeyEngine3.jar:/Users/xissburg/Documents/Projects/jmonkeyengine/engine/lib/lwjgl/jME3-lwjgl-natives.jar;/Users/xissburg/Documents/Projects/jmonkeyengine/engine/lib/lwjgl/jinput.jar;/Users/xissburg/Documents/Projects/jmonkeyengine/engine/lib/lwjgl/lwjgl.jar:/Users/xissburg/Documents/Projects/jmonkeyengine/engine/lib/niftygui/nifty-1.3-SNAPSHOT.jar;/Users/xissburg/Documents/Projects/jmonkeyengine/engine/lib/niftygui/nifty-default-controls-1.3-SNAPSHOT.jar;/Users/xissburg/Documents/Projects/jmonkeyengine/engine/lib/niftygui/nifty-style-black-1.3-SNAPSHOT.jar;/Users/xissburg/Documents/Projects/jmonkeyengine/engine/lib/niftygui/nifty-style-grey-1.0.jar;/Users/xissburg/Documents/Projects/jmonkeyengine/engine/lib/niftygui/nifty-examples-1.3-SNAPSHOT.jar;/Users/xissburg/Documents/Projects/jmonkeyengine/engine/lib/niftygui/xmlpull-xpp3-1.1.4c.jar;/Users/xissburg/Documents/Projects/jmonkeyengine/engine/lib/niftygui/eventbus-1.4.jar:/Users/xissburg/Documents/Projects/jmonkeyengine/engine/lib/jogg/j-ogg-oggd.jar:/Users/xissburg/Documents/Projects/jmonkeyengine/engine/lib/jogg/j-ogg-vorbisd.jar:/Users/xissburg/Documents/Projects/jmonkeyengine/engine/lib/../src/test-data/:../../jbox2d/jbox2d-library/target/jbox2d-library-2.1.2.1-SNAPSHOT.jar:../../jmonkeyengine/engine/lib/slf4j-api-1.6.1.jar:../../slf4j-1.6.1/slf4j-simple-1.6.1.jar:build/classes:/Users/xissburg/Documents/Projects/jmonkeyengine/engine/lib/junit_4/junit-4.5.jar:../../jmonkeyengine/engine/dist/jMonkeyEngine3.jar:build/test/classes" />
    <property name="ant.project.invoked-targets" value="test" />
    <property name="useJavaUtilZip" value="true" />
    <property name="libs.swing-layout.javadoc" value="/Users/xissburg/Documents/Projects/jmonkeyengine/engine/lib/swing-layout/swing-layout-1.0.4-doc.zip" />
    <property name="libs.swing-app-framework.javadoc" value="/Applications/NetBeans/NetBeans 7.0.app/Contents/Resources/NetBeans/java/docs/appframework-1.0.3-doc.zip" />
    <property name="libs.ejb3-persistence.maven-pom" value="" />
    <property name="gopherProxySet" value="false" />
    <property name="libs.PostgreSQLDriver.maven-pom" value="" />
    <property name="java.class.version" value="50.0" />
    <property name="netbeans.system_http_proxy" value="DIRECT" />
    <property name="libs.eclipselink.javadoc" value="" />
    <property name="user.properties.file" value="/Users/xissburg/.netbeans/7.0/build.properties" />
    <property name="runtime.encoding" value="UTF-8" />
    <property name="libs.spring-framework.src" value="" />
    <property name="libs.javac-api.maven-pom" value="" />
    <property name="file.encoding.pkg" value="sun.io" />
    <property name="sun.cpu.endian" value="little" />
    <property name="libs.JWSAntTasks.classpath" value="/Users/xissburg/Documents/Projects/jmonkeyengine/engine/lib/JWSAntTasks/org-netbeans-modules-javawebstart-anttasks.jar" />
    <property name="file.reference.slf4j-simple-1.6.1.jar" value="../../slf4j-1.6.1/slf4j-simple-1.6.1.jar" />
    <property name="libs.spring-framework300.src" value="" />
    <property name="libs.niftygui1.2.classpath" value="/Users/xissburg/Documents/Projects/jmonkeyengine/engine/lib/niftygui/nifty-1.2-SNAPSHOT.jar;/Users/xissburg/Documents/Projects/jmonkeyengine/engine/lib/niftygui/nifty-default-controls-1.2-SNAPSHOT.jar;/Users/xissburg/Documents/Projects/jmonkeyengine/engine/lib/niftygui/nifty-style-black-1.2-SNAPSHOT.jar;/Users/xissburg/Documents/Projects/jmonkeyengine/engine/lib/niftygui/xmlpull-xpp3-1.1.4c.jar;/Users/xissburg/Documents/Projects/jmonkeyengine/engine/lib/niftygui/nifty-examples-1.2_small.jar" />
    <property name="empty.dir" value="/Users/xissburg/Documents/Projects/DynamicButtonSoccer/DBSClient/build/empty" />
    <property name="libs.bullet.classpath" value="/Users/xissburg/Documents/Projects/jmonkeyengine/engine/lib/bullet/jME3-bullet-natives.jar" />
    <property name="version-output" value="java version &quot;1.6" />
    <property name="javadoc.preview" value="true" />
    <property name="socksNonProxyHosts" value="local|*.local|169.254/16|*.169.254/16" />
    <property name="nbplatform.default.harness.dir" value="/Applications/NetBeans/NetBeans 7.0.app/Contents/Resources/NetBeans/harness" />
    <property name="java.home" value="/Library/Java/JavaVirtualMachines/1.6.0_25-b06-370.jdk/Contents/Home" />
    <property name="debug.test.classpath" value="../../jmonkeyengine/engine/dist/jMonkeyEngine3.jar:/Users/xissburg/Documents/Projects/jmonkeyengine/engine/lib/lwjgl/jME3-lwjgl-natives.jar;/Users/xissburg/Documents/Projects/jmonkeyengine/engine/lib/lwjgl/jinput.jar;/Users/xissburg/Documents/Projects/jmonkeyengine/engine/lib/lwjgl/lwjgl.jar:/Users/xissburg/Documents/Projects/jmonkeyengine/engine/lib/niftygui/nifty-1.3-SNAPSHOT.jar;/Users/xissburg/Documents/Projects/jmonkeyengine/engine/lib/niftygui/nifty-default-controls-1.3-SNAPSHOT.jar;/Users/xissburg/Documents/Projects/jmonkeyengine/engine/lib/niftygui/nifty-style-black-1.3-SNAPSHOT.jar;/Users/xissburg/Documents/Projects/jmonkeyengine/engine/lib/niftygui/nifty-style-grey-1.0.jar;/Users/xissburg/Documents/Projects/jmonkeyengine/engine/lib/niftygui/nifty-examples-1.3-SNAPSHOT.jar;/Users/xissburg/Documents/Projects/jmonkeyengine/engine/lib/niftygui/xmlpull-xpp3-1.1.4c.jar;/Users/xissburg/Documents/Projects/jmonkeyengine/engine/lib/niftygui/eventbus-1.4.jar:/Users/xissburg/Documents/Projects/jmonkeyengine/engine/lib/jogg/j-ogg-oggd.jar:/Users/xissburg/Documents/Projects/jmonkeyengine/engine/lib/jogg/j-ogg-vorbisd.jar:/Users/xissburg/Documents/Projects/jmonkeyengine/engine/lib/../src/test-data/:../../jbox2d/jbox2d-library/target/jbox2d-library-2.1.2.1-SNAPSHOT.jar:../../jmonkeyengine/engine/lib/slf4j-api-1.6.1.jar:../../slf4j-1.6.1/slf4j-simple-1.6.1.jar:build/classes:/Users/xissburg/Documents/Projects/jmonkeyengine/engine/lib/junit_4/junit-4.5.jar:../../jmonkeyengine/engine/dist/jMonkeyEngine3.jar:build/test/classes" />
    <property name="file.reference.slf4j-api-1.6.1.jar" value="../../jmonkeyengine/engine/lib/slf4j-api-1.6.1.jar" />
    <property name="netbeans.importclass" value="org.netbeans.upgrade.AutoUpgrade" />
    <property name="ant.project.default-target" value="default" />
    <property name="annotation.processing.run.all.processors" value="true" />
    <property name="libs.toplink.maven-pom" value="" />
    <property name="jar.archive.disabled" value="false" />
    <property name="jnlp.signing.alias" value="" />
    <property name="libs.PostgreSQLDriver.javadoc" value="" />
    <property name="libs.MySQLDriver.maven-pom" value="" />
    <property name="libraries.dir.nativedirsep" value="/Users/xissburg/Documents/Projects/jmonkeyengine/engine/lib" />
    <property name="http.nonProxyHosts" value="local|*.local|169.254/16|*.169.254/16" />
    <property name="libs.junit_4.javadoc" value="/Users/xissburg/Documents/Projects/jmonkeyengine/engine/lib/junit_4/junit-4.5-api.zip" />
    <property name="libs.toplink.src" value="" />
    <property name="run.classpath" value="../../jmonkeyengine/engine/dist/jMonkeyEngine3.jar:/Users/xissburg/Documents/Projects/jmonkeyengine/engine/lib/lwjgl/jME3-lwjgl-natives.jar;/Users/xissburg/Documents/Projects/jmonkeyengine/engine/lib/lwjgl/jinput.jar;/Users/xissburg/Documents/Projects/jmonkeyengine/engine/lib/lwjgl/lwjgl.jar:/Users/xissburg/Documents/Projects/jmonkeyengine/engine/lib/niftygui/nifty-1.3-SNAPSHOT.jar;/Users/xissburg/Documents/Projects/jmonkeyengine/engine/lib/niftygui/nifty-default-controls-1.3-SNAPSHOT.jar;/Users/xissburg/Documents/Projects/jmonkeyengine/engine/lib/niftygui/nifty-style-black-1.3-SNAPSHOT.jar;/Users/xissburg/Documents/Projects/jmonkeyengine/engine/lib/niftygui/nifty-style-grey-1.0.jar;/Users/xissburg/Documents/Projects/jmonkeyengine/engine/lib/niftygui/nifty-examples-1.3-SNAPSHOT.jar;/Users/xissburg/Documents/Projects/jmonkeyengine/engine/lib/niftygui/xmlpull-xpp3-1.1.4c.jar;/Users/xissburg/Documents/Projects/jmonkeyengine/engine/lib/niftygui/eventbus-1.4.jar:/Users/xissburg/Documents/Projects/jmonkeyengine/engine/lib/jogg/j-ogg-oggd.jar:/Users/xissburg/Documents/Projects/jmonkeyengine/engine/lib/jogg/j-ogg-vorbisd.jar:/Users/xissburg/Documents/Projects/jmonkeyengine/engine/lib/../src/test-data/:../../jbox2d/jbox2d-library/target/jbox2d-library-2.1.2.1-SNAPSHOT.jar:../../jmonkeyengine/engine/lib/slf4j-api-1.6.1.jar:../../slf4j-1.6.1/slf4j-simple-1.6.1.jar:build/classes" />
    <property name="libs.hibernate-support.src" value="" />
    <property name="sun.awt.datatransfer.timeout" value="1000" />
    <property name="apple.awt.graphics.UseOpenGL" value="false" />
    <property name="libs.jogl.classpath" value="/Users/xissburg/Documents/Projects/jmonkeyengine/engine/lib/jogl/gluegen-rt.jar:/Users/xissburg/Documents/Projects/jmonkeyengine/engine/lib/jogl/jME3-jogl-natives.jar:/Users/xissburg/Documents/Projects/jmonkeyengine/engine/lib/jogl/jogl.jar" />
    <property name="annotation.processing.enabled.in.editor" value="false" />
    <property name="sun.management.compiler" value="HotSpot 64-Bit Tiered Compilers" />
    <property name="javac.deprecation" value="false" />
    <property name="javadoc.use" value="true" />
    <property name="sun.java2d.noddraw" value="true" />
    <property name="javac.processorpath" value="../../jmonkeyengine/engine/dist/jMonkeyEngine3.jar:/Users/xissburg/Documents/Projects/jmonkeyengine/engine/lib/lwjgl/jME3-lwjgl-natives.jar;/Users/xissburg/Documents/Projects/jmonkeyengine/engine/lib/lwjgl/jinput.jar;/Users/xissburg/Documents/Projects/jmonkeyengine/engine/lib/lwjgl/lwjgl.jar:/Users/xissburg/Documents/Projects/jmonkeyengine/engine/lib/niftygui/nifty-1.3-SNAPSHOT.jar;/Users/xissburg/Documents/Projects/jmonkeyengine/engine/lib/niftygui/nifty-default-controls-1.3-SNAPSHOT.jar;/Users/xissburg/Documents/Projects/jmonkeyengine/engine/lib/niftygui/nifty-style-black-1.3-SNAPSHOT.jar;/Users/xissburg/Documents/Projects/jmonkeyengine/engine/lib/niftygui/nifty-style-grey-1.0.jar;/Users/xissburg/Documents/Projects/jmonkeyengine/engine/lib/niftygui/nifty-examples-1.3-SNAPSHOT.jar;/Users/xissburg/Documents/Projects/jmonkeyengine/engine/lib/niftygui/xmlpull-xpp3-1.1.4c.jar;/Users/xissburg/Documents/Projects/jmonkeyengine/engine/lib/niftygui/eventbus-1.4.jar:/Users/xissburg/Documents/Projects/jmonkeyengine/engine/lib/jogg/j-ogg-oggd.jar:/Users/xissburg/Documents/Projects/jmonkeyengine/engine/lib/jogg/j-ogg-vorbisd.jar:/Users/xissburg/Documents/Projects/jmonkeyengine/engine/lib/../src/test-data/:../../jbox2d/jbox2d-library/target/jbox2d-library-2.1.2.1-SNAPSHOT.jar:../../jmonkeyengine/engine/lib/slf4j-api-1.6.1.jar:../../slf4j-1.6.1/slf4j-simple-1.6.1.jar" />
    <property name="javac.compilerargs" value="" />
    <property name="ant.file" value="/Users/xissburg/Documents/Projects/DynamicButtonSoccer/DBSClient/build.xml" />
    <property name="libs.beans-binding.maven-pom" value="" />
    <property name="jnlp.codebase.type" value="no.codebase" />
    <property name="sun.awt.exception.handler" value="org.netbeans.core.startup.TopLogging$AWTHandler" />
    <property name="libs.beans-binding.src" value="" />
    <property name="java.vm.specification.vendor" value="Sun Microsystems Inc." />
    <property name="libs.swing-layout.src" value="/Users/xissburg/Documents/Projects/jmonkeyengine/engine/lib/swing-layout/swing-layout-1.0.4-src.zip" />
    <property name="org.openide.major.version" value="IDE/1" />
    <property name="java.vm.name" value="Java HotSpot(TM) 64-Bit Server VM" />
    <property name="netbeans.user" value="/Users/xissburg/.netbeans/7.0" />
    <property name="javadoc.additionalparam" value="" />
    <property name="jnlp.offline-allowed" value="false" />
    <property name="java.io.tmpdir" value="/var/folders/ks/jmssbmfj4x37j1fpyvffrg1r0000gn/T/" />
    <property name="java.vendor.url" value="http://www.apple.com/" />
    <property name="project.jMonkeyEngine3" value="../../jmonkeyengine/engine" />
    <property name="endorsed.classpath.cmd.line.arg" value="" />
    <property name="libraries.basename" value="nblibraries" />
    <property name="libs.jheora.classpath" value="/Users/xissburg/Documents/Projects/jmonkeyengine/engine/lib/jheora/jheora-jst-debug-0.6.0.jar" />
    <property name="mrj.build" value="11A511" />
    <property name="sun.boot.library.path" value="/Library/Java/JavaVirtualMachines/1.6.0_25-b06-370.jdk/Contents/Libraries" />
    <property name="have.sources" value="true" />
    <property name="debug.classpath" value="../../jmonkeyengine/engine/dist/jMonkeyEngine3.jar:/Users/xissburg/Documents/Projects/jmonkeyengine/engine/lib/lwjgl/jME3-lwjgl-natives.jar;/Users/xissburg/Documents/Projects/jmonkeyengine/engine/lib/lwjgl/jinput.jar;/Users/xissburg/Documents/Projects/jmonkeyengine/engine/lib/lwjgl/lwjgl.jar:/Users/xissburg/Documents/Projects/jmonkeyengine/engine/lib/niftygui/nifty-1.3-SNAPSHOT.jar;/Users/xissburg/Documents/Projects/jmonkeyengine/engine/lib/niftygui/nifty-default-controls-1.3-SNAPSHOT.jar;/Users/xissburg/Documents/Projects/jmonkeyengine/engine/lib/niftygui/nifty-style-black-1.3-SNAPSHOT.jar;/Users/xissburg/Documents/Projects/jmonkeyengine/engine/lib/niftygui/nifty-style-grey-1.0.jar;/Users/xissburg/Documents/Projects/jmonkeyengine/engine/lib/niftygui/nifty-examples-1.3-SNAPSHOT.jar;/Users/xissburg/Documents/Projects/jmonkeyengine/engine/lib/niftygui/xmlpull-xpp3-1.1.4c.jar;/Users/xissburg/Documents/Projects/jmonkeyengine/engine/lib/niftygui/eventbus-1.4.jar:/Users/xissburg/Documents/Projects/jmonkeyengine/engine/lib/jogg/j-ogg-oggd.jar:/Users/xissburg/Documents/Projects/jmonkeyengine/engine/lib/jogg/j-ogg-vorbisd.jar:/Users/xissburg/Documents/Projects/jmonkeyengine/engine/lib/../src/test-data/:../../jbox2d/jbox2d-library/target/jbox2d-library-2.1.2.1-SNAPSHOT.jar:../../jmonkeyengine/engine/lib/slf4j-api-1.6.1.jar:../../slf4j-1.6.1/slf4j-simple-1.6.1.jar:build/classes" />
    <property name="javadoc.private" value="false" />
    <property name="test.src.dir" value="test" />
    <property name="ap.processors.internal" value="" />
    <property name="meta.inf.dir" value="src/META-INF" />
    <property name="javadoc.encoding.used" value="UTF-8" />
    <property name="dist.jar" value="dist/DBSClient.jar" />
    <property name="java.runtime.name" value="Java(TM) SE Runtime Environment" />
    <property name="ant.project.name" value="DBSClient" />
    <property name="netbeans.hash.code" value="unique=NB_JAVA01c926767-e2db-4089-a7c5-93c955033588_ca51d904-c2fc-427b-b543-d24220d5e8e7" />
    <property name="manifest.available-mkdist.available" value="true" />
    <property name="source.reference.jbox2d-library-2.1.2.1-SNAPSHOT.jar" value="../../jbox2d/jbox2d-library/target/jbox2d-library-2.1.2.1-SNAPSHOT-sources.jar" />
    <property name="sun.cpu.isalist" value="" />
    <property name="libs.CopyLibs.javadoc" value="" />
    <property name="org.openide.specification.version" value="6.2" />
    <property name="libs.hibernate-support.classpath" value="/Applications/NetBeans/NetBeans 7.0.app/Contents/Resources/NetBeans/java/modules/ext/hibernate/antlr-2.7.6.jar:/Applications/NetBeans/NetBeans 7.0.app/Contents/Resources/NetBeans/java/modules/ext/hibernate/asm.jar:/Applications/NetBeans/NetBeans 7.0.app/Contents/Resources/NetBeans/java/modules/ext/hibernate/asm-attrs.jar:/Applications/NetBeans/NetBeans 7.0.app/Contents/Resources/NetBeans/java/modules/ext/hibernate/cglib-2.1.3.jar:/Applications/NetBeans/NetBeans 7.0.app/Contents/Resources/NetBeans/java/modules/ext/hibernate/commons-collections-2.1.1.jar:/Applications/NetBeans/NetBeans 7.0.app/Contents/Resources/NetBeans/ide/modules/ext/commons-logging-1.1.jar:/Applications/NetBeans/NetBeans 7.0.app/Contents/Resources/NetBeans/java/modules/ext/hibernate/dom4j-1.6.1.jar:/Applications/NetBeans/NetBeans 7.0.app/Contents/Resources/NetBeans/java/modules/ext/hibernate/ehcache-1.2.3.jar:/Applications/NetBeans/NetBeans 7.0.app/Contents/Resources/NetBeans/java/modules/ext/hibernate/jdbc2_0-stdext.jar:/Applications/NetBeans/NetBeans 7.0.app/Contents/Resources/NetBeans/java/modules/ext/hibernate/jta.jar:/Applications/NetBeans/NetBeans 7.0.app/Contents/Resources/NetBeans/java/modules/ext/hibernate/hibernate3.jar:/Applications/NetBeans/NetBeans 7.0.app/Contents/Resources/NetBeans/java/modules/ext/hibernate/hibernate-tools.jar:/Applications/NetBeans/NetBeans 7.0.app/Contents/Resources/NetBeans/java/modules/ext/hibernate/hibernate-annotations.jar:/Applications/NetBeans/NetBeans 7.0.app/Contents/Resources/NetBeans/java/modules/ext/hibernate/hibernate-commons-annotations.jar:/Applications/NetBeans/NetBeans 7.0.app/Contents/Resources/NetBeans/java/modules/ext/hibernate/hibernate-entitymanager.jar:/Applications/NetBeans/NetBeans 7.0.app/Contents/Resources/NetBeans/java/modules/ext/hibernate/javassist.jar" />
    <property name="user.home" value="/Users/xissburg" />
    <property name="annotation.processing.processors.list" value="" />
    <property name="debug-args-line" value="-Xdebug" />
    <property name="libs.JWSAntTasks.src" value="" />
    <property name="jar.index" value="false" />
    <property name="libs.CopyLibs.maven-pom" value="" />
    <property name="libs.spring-framework300.javadoc" value="" />
    <property name="libs.hibernate-persistence.maven-pom" value="" />
    <property name="libs.absolutelayout.javadoc" value="" />
    <property name="guice.disable.misplaced.annotation.check" value="true" />
    <property name="java.specification.name" value="Java Platform API Specification" />
    <property name="libs.swing-app-framework.maven-pom" value="" />
    <property name="libraries.dir" value="/Users/xissburg/Documents/Projects/jmonkeyengine/engine/lib" />
    <property name="do.archive+main.class.available" value="true" />
    <property name="jnlp.mixed.code" value="default" />
    <property name="ant.file.type.DBSClient-impl" value="file" />
    <property name="java.specification.vendor" value="Sun Microsystems Inc." />
    <property name="libs.javac-api.classpath" value="/Applications/NetBeans/NetBeans 7.0.app/Contents/Resources/NetBeans/java/modules/ext/javac-api-nb-7.0-b07.jar" />
    <property name="java.version" value="1.6.0_25" />
    <property name="javadoc.version" value="false" />
    <property name="libs.MySQLDriver.javadoc" value="" />
    <property name="org.openide.version" value="deprecated" />
    <property name="source.encoding" value="UTF-8" />
    <property name="ap.cmd.line.internal" value="" />
    <property name="libs.eclipselinkmodelgen.maven-pom" value="" />
    <property name="awt.nativeDoubleBuffering" value="true" />
    <property name="libs.junit.maven-pom" value="" />
    <property name="libs.eclipselinkmodelgen.javadoc" value="" />
    <property name="netbeans.home+have.tests" value="true" />
    <property name="annotation.processing.processor.options" value="" />
    <property name="libs.jaxb.src" value="" />
    <property name="work.dir" value="/Users/xissburg/Documents/Projects/DynamicButtonSoccer/DBSClient" />
    <property name="libs.jaxb.classpath" value="/Applications/NetBeans/NetBeans 7.0.app/Contents/Resources/NetBeans/ide/modules/ext/jaxb/jaxb-impl.jar:/Applications/NetBeans/NetBeans 7.0.app/Contents/Resources/NetBeans/ide/modules/ext/jaxb/jaxb-xjc.jar:/Applications/NetBeans/NetBeans 7.0.app/Contents/Resources/NetBeans/ide/modules/ext/jaxb/jaxb1-impl.jar:/Applications/NetBeans/NetBeans 7.0.app/Contents/Resources/NetBeans/ide/modules/ext/jaxb/activation.jar:/Applications/NetBeans/NetBeans 7.0.app/Contents/Resources/NetBeans/ide/modules/ext/jaxb/api/jaxb-api.jar:/Applications/NetBeans/NetBeans 7.0.app/Contents/Resources/NetBeans/ide/modules/ext/jaxb/api/jsr173_api.jar" />
    <property name="do.depend" value="false" />
    <property name="dist.javadoc.dir" value="dist/javadoc" />
    <property name="libs.swing-layout.classpath" value="/Users/xissburg/Documents/Projects/jmonkeyengine/engine/lib/swing-layout/swing-layout-1.0.4.jar" />
    <property name="build.generated.dir" value="build/generated" />
    <property name="javac.source" value="1.6" />
    <property name="libs.hibernate-persistence.src" value="" />
    <property name="line.separator" value="&#xa;" />
    <property name="java.specification.version" value="1.6" />
    <property name="libs.jaxws21.maven-pom" value="" />
    <property name="java.vm.info" value="mixed mode" />
    <property name="libraries.path" value="/Users/xissburg/Documents/Projects/jmonkeyengine/engine/lib/nblibraries.properties" />
    <property name="junit.forkmode" value="perTest" />
    <property name="source.reference.slf4j-api-1.6.1.jar" value="../../jmonkeyengine/engine/lib/slf4j-api-1.6.1-sources.jar" />
    <property name="libs.spring-framework.maven-pom" value="" />
    <property name="sun.boot.class.path" value="/Library/Java/JavaVirtualMachines/1.6.0_25-b06-370.jdk/Contents/Classes/jsfd.jar:/Library/Java/JavaVirtualMachines/1.6.0_25-b06-370.jdk/Contents/Classes/classes.jar:/System/Library/Frameworks/JavaVM.framework/Frameworks/JavaRuntimeSupport.framework/Resources/Java/JavaRuntimeSupport.jar:/Library/Java/JavaVirtualMachines/1.6.0_25-b06-370.jdk/Contents/Classes/ui.jar:/Library/Java/JavaVirtualMachines/1.6.0_25-b06-370.jdk/Contents/Classes/laf.jar:/Library/Java/JavaVirtualMachines/1.6.0_25-b06-370.jdk/Contents/Classes/sunrsasign.jar:/Library/Java/JavaVirtualMachines/1.6.0_25-b06-370.jdk/Contents/Classes/jsse.jar:/Library/Java/JavaVirtualMachines/1.6.0_25-b06-370.jdk/Contents/Classes/jce.jar:/Library/Java/JavaVirtualMachines/1.6.0_25-b06-370.jdk/Contents/Classes/charsets.jar" />
    <property name="libs.lwjgl.classpath" value="/Users/xissburg/Documents/Projects/jmonkeyengine/engine/lib/lwjgl/jME3-lwjgl-natives.jar;/Users/xissburg/Documents/Projects/jmonkeyengine/engine/lib/lwjgl/jinput.jar;/Users/xissburg/Documents/Projects/jmonkeyengine/engine/lib/lwjgl/lwjgl.jar" />
    <property name="javac.target" value="1.6" />
    <property name="built-jar.properties" value="/Users/xissburg/Documents/Projects/DynamicButtonSoccer/DBSClient/build/built-jar.properties" />
    <property name="build.test.classes.dir" value="build/test/classes" />
    <property name="src.dir" value="src" />
    <property name="annotation.processing.enabled" value="true" />
    <property name="nbplatform.default.netbeans.dest.dir" value="/Applications/NetBeans/NetBeans 7.0.app/Contents/Resources/NetBeans" />
    <property name="ignore.failing.tests" value="true" />
    <property name="dist.dir" value="dist" />
    <property name="do.archive+manifest.available+main.class" value="true" />
    <property name="javac.fork" value="false" />
    <property name="java.awt.printerjob" value="apple.awt.CPrinterJob" />
    <property name="default.javac.source" value="1.6" />
    <property name="debug-transport-by-os" value="dt_socket" />
    <property name="libs.MySQLDriver.src" value="" />
    <property name="sun.jnu.encoding" value="MacRoman" />
    <property name="ant.file.DBSClient" value="/Users/xissburg/Documents/Projects/DynamicButtonSoccer/DBSClient/build.xml" />
    <property name="java.runtime.version" value="1.6.0_25-b06-370-11A511" />
    <property name="build.test.results.dir" value="build/test/results" />
    <property name="libs.ejb3-persistence.javadoc" value="" />
    <property name="manifest.available+main.class+mkdist.available" value="true" />
    <property name="jna.platform.library.path" value="/usr/lib:/usr/lib" />
    <property name="default.javac.target" value="1.6" />
    <property name="libs.junit_4.classpath" value="/Users/xissburg/Documents/Projects/jmonkeyengine/engine/lib/junit_4/junit-4.5.jar" />
    <property name="user.timezone" value="" />
    <property name="javadoc.reference.jbox2d-library-2.1.2.1-SNAPSHOT.jar" value="../../jbox2d/jbox2d-library/target/jbox2d-library-2.1.2.1-SNAPSHOT-javadoc.jar" />
    <property name="do.jar" value="true" />
    <property name="netbeans.dirs" value="/Applications/NetBeans/NetBeans 7.0.app/Contents/Resources/NetBeans/nb:/Applications/NetBeans/NetBeans 7.0.app/Contents/MacOS/../Resources/NetBeans/bin/../ergonomics:/Applications/NetBeans/NetBeans 7.0.app/Contents/Resources/NetBeans/ide:/Applications/NetBeans/NetBeans 7.0.app/Contents/Resources/NetBeans/java:/Applications/NetBeans/NetBeans 7.0.app/Contents/MacOS/../Resources/NetBeans/bin/../xml:/Applications/NetBeans/NetBeans 7.0.app/Contents/Resources/NetBeans/apisupport:/Applications/NetBeans/NetBeans 7.0.app/Contents/MacOS/../Resources/NetBeans/bin/../webcommon:/Applications/NetBeans/NetBeans 7.0.app/Contents/Resources/NetBeans/websvccommon:/Applications/NetBeans/NetBeans 7.0.app/Contents/Resources/NetBeans/enterprise:/Applications/NetBeans/NetBeans 7.0.app/Contents/MacOS/../Resources/NetBeans/bin/../mobility:/Applications/NetBeans/NetBeans 7.0.app/Contents/Resources/NetBeans/profiler:/Applications/NetBeans/NetBeans 7.0.app/Contents/Resources/NetBeans/ruby:/Applications/NetBeans/NetBeans 7.0.app/Contents/MacOS/../Resources/NetBeans/bin/../python:/Applications/NetBeans/NetBeans 7.0.app/Contents/MacOS/../Resources/NetBeans/bin/../php:/Applications/NetBeans/NetBeans 7.0.app/Contents/MacOS/../Resources/NetBeans/bin/../visualweb:/Applications/NetBeans/NetBeans 7.0.app/Contents/MacOS/../Resources/NetBeans/bin/../soa:/Applications/NetBeans/NetBeans 7.0.app/Contents/MacOS/../Resources/NetBeans/bin/../identity:/Applications/NetBeans/NetBeans 7.0.app/Contents/MacOS/../Resources/NetBeans/bin/../uml:/Applications/NetBeans/NetBeans 7.0.app/Contents/Resources/NetBeans/harness:/Applications/NetBeans/NetBeans 7.0.app/Contents/MacOS/../Resources/NetBeans/bin/../cnd:/Applications/NetBeans/NetBeans 7.0.app/Contents/Resources/NetBeans/dlight:/Applications/NetBeans/NetBeans 7.0.app/Contents/MacOS/../Resources/NetBeans/bin/../groovy:/Applications/NetBeans/NetBeans 7.0.app/Contents/MacOS/../Resources/NetBeans/bin/../extra:/Applications/NetBeans/NetBeans 7.0.app/Contents/MacOS/../Resources/NetBeans/bin/../javafx:/Applications/NetBeans/NetBeans 7.0.app/Contents/MacOS/../Resources/NetBeans/bin/../javacard:" />
    <property name="java.ext.dirs" value="/Library/Java/Extensions:/System/Library/Java/Extensions:/Library/Java/JavaVirtualMachines/1.6.0_25-b06-370.jdk/Contents/Home/lib/ext" />
    <property name="endorsed.classpath" value="" />
    <property name="libs.absolutelayout.classpath" value="/Applications/NetBeans/NetBeans 7.0.app/Contents/Resources/NetBeans/java/modules/ext/AbsoluteLayout.jar" />
    <property name="excludes" value="" />
    <property name="platforms.JDK_1.6.bootclasspath" value="/Library/Java/JavaVirtualMachines/1.6.0_25-b06-370.jdk/Contents/Classes/jsfd.jar:/Library/Java/JavaVirtualMachines/1.6.0_25-b06-370.jdk/Contents/Classes/classes.jar:/System/Library/Frameworks/JavaVM.framework/Frameworks/JavaRuntimeSupport.framework/Resources/Java/JavaRuntimeSupport.jar:/Library/Java/JavaVirtualMachines/1.6.0_25-b06-370.jdk/Contents/Classes/ui.jar:/Library/Java/JavaVirtualMachines/1.6.0_25-b06-370.jdk/Contents/Classes/laf.jar:/Library/Java/JavaVirtualMachines/1.6.0_25-b06-370.jdk/Contents/Classes/sunrsasign.jar:/Library/Java/JavaVirtualMachines/1.6.0_25-b06-370.jdk/Contents/Classes/jsse.jar:/Library/Java/JavaVirtualMachines/1.6.0_25-b06-370.jdk/Contents/Classes/jce.jar:/Library/Java/JavaVirtualMachines/1.6.0_25-b06-370.jdk/Contents/Classes/charsets.jar:/System/Library/Java/Extensions/AppleScriptEngine.jar:/System/Library/Java/Extensions/dns_sd.jar:/System/Library/Java/Extensions/j3daudio.jar:/System/Library/Java/Extensions/j3dcore.jar:/System/Library/Java/Extensions/j3dutils.jar:/System/Library/Java/Extensions/jai_codec.jar:/System/Library/Java/Extensions/jai_core.jar:/System/Library/Java/Extensions/mlibwrapper_jai.jar:/System/Library/Java/Extensions/MRJToolkit.jar:/System/Library/Java/Extensions/QTJava.zip:/System/Library/Java/Extensions/vecmath.jar:/Library/Java/JavaVirtualMachines/1.6.0_25-b06-370.jdk/Contents/Home/lib/ext/apple_provider.jar:/Library/Java/JavaVirtualMachines/1.6.0_25-b06-370.jdk/Contents/Home/lib/ext/dnsns.jar:/Library/Java/JavaVirtualMachines/1.6.0_25-b06-370.jdk/Contents/Home/lib/ext/localedata.jar:/Library/Java/JavaVirtualMachines/1.6.0_25-b06-370.jdk/Contents/Home/lib/ext/sunjce_provider.jar:/Library/Java/JavaVirtualMachines/1.6.0_25-b06-370.jdk/Contents/Home/lib/ext/sunpkcs11.jar" />
    <property name="apple.laf.useScreenMenuBar" value="true" />
    <property name="java.class.path" value="/Users/xissburg/Documents/Projects/jmonkeyengine/engine/dist/jMonkeyEngine3.jar:/Users/xissburg/Documents/Projects/jmonkeyengine/engine/lib/lwjgl/jME3-lwjgl-natives.jar:/Users/xissburg/Documents/Projects/jmonkeyengine/engine/lib/lwjgl/jinput.jar:/Users/xissburg/Documents/Projects/jmonkeyengine/engine/lib/lwjgl/lwjgl.jar:/Users/xissburg/Documents/Projects/jmonkeyengine/engine/lib/niftygui/nifty-1.3-SNAPSHOT.jar:/Users/xissburg/Documents/Projects/jmonkeyengine/engine/lib/niftygui/nifty-default-controls-1.3-SNAPSHOT.jar:/Users/xissburg/Documents/Projects/jmonkeyengine/engine/lib/niftygui/nifty-style-black-1.3-SNAPSHOT.jar:/Users/xissburg/Documents/Projects/jmonkeyengine/engine/lib/niftygui/nifty-style-grey-1.0.jar:/Users/xissburg/Documents/Projects/jmonkeyengine/engine/lib/niftygui/nifty-examples-1.3-SNAPSHOT.jar:/Users/xissburg/Documents/Projects/jmonkeyengine/engine/lib/niftygui/xmlpull-xpp3-1.1.4c.jar:/Users/xissburg/Documents/Projects/jmonkeyengine/engine/lib/niftygui/eventbus-1.4.jar:/Users/xissburg/Documents/Projects/jmonkeyengine/engine/lib/jogg/j-ogg-oggd.jar:/Users/xissburg/Documents/Projects/jmonkeyengine/engine/lib/jogg/j-ogg-vorbisd.jar:/Users/xissburg/Documents/Projects/jmonkeyengine/engine/src/test-data:/Users/xissburg/Documents/Projects/jbox2d/jbox2d-library/target/jbox2d-library-2.1.2.1-SNAPSHOT.jar:/Users/xissburg/Documents/Projects/jmonkeyengine/engine/lib/slf4j-api-1.6.1.jar:/Users/xissburg/Documents/Projects/slf4j-1.6.1/slf4j-simple-1.6.1.jar:/Users/xissburg/Documents/Projects/DynamicButtonSoccer/DBSClient/build/classes:/Users/xissburg/Documents/Projects/jmonkeyengine/engine/lib/junit_4/junit-4.5.jar:/Users/xissburg/Documents/Projects/DynamicButtonSoccer/DBSClient/build/test/classes:/Applications/NetBeans/NetBeans 7.0.app/Contents/Resources/NetBeans/java/ant/lib/ant-launcher.jar:/Applications/NetBeans/NetBeans 7.0.app/Contents/Resources/NetBeans/java/ant/lib/ant.jar:/Applications/NetBeans/NetBeans 7.0.app/Contents/Resources/NetBeans/java/ant/lib/ant-junit.jar:/Applications/NetBeans/NetBeans 7.0.app/Contents/Resources/NetBeans/java/ant/lib/ant-junit4.jar" />
    <property name="do.mkdist" value="true" />
    <property name="libs.absolutelayout.src" value="" />
    <property name="os.version" value="10.7" />
    <property name="application.args" value="" />
    <property name="main.class.available" value="true" />
    <property name="libs.toplink.javadoc" value="" />
    <property name="libs.eclipselink.classpath" value="/Applications/NetBeans/NetBeans 7.0.app/Contents/Resources/NetBeans/java/modules/ext/eclipselink/eclipselink-2.2.0.jar:/Applications/NetBeans/NetBeans 7.0.app/Contents/Resources/NetBeans/java/modules/ext/eclipselink/eclipselink-javax.persistence-2.0.jar" />
    <property name="libs.beans-binding.javadoc" value="/Applications/NetBeans/NetBeans 7.0.app/Contents/Resources/NetBeans/java/docs/beansbinding-1.2.1-doc.zip" />
    <property name="java.awt.graphicsenv" value="apple.awt.CGraphicsEnvironment" />
    <property name="java.vm.vendor" value="Apple Inc." />
    <property name="libs.CopyLibs.classpath" value="/Users/xissburg/Documents/Projects/jmonkeyengine/engine/lib/CopyLibs/org-netbeans-modules-java-j2seproject-copylibstask.jar" />
    <property name="libs.spring-framework300.classpath" value="/Applications/NetBeans/NetBeans 7.0.app/Contents/Resources/NetBeans/ide/modules/ext/commons-logging-1.1.jar:/Applications/NetBeans/NetBeans 7.0.app/Contents/Resources/NetBeans/java/modules/ext/cglib-2.2.jar:/Applications/NetBeans/NetBeans 7.0.app/Contents/Resources/NetBeans/java/modules/ext/spring-3.0/spring-aop-3.0.2.RELEASE.jar:/Applications/NetBeans/NetBeans 7.0.app/Contents/Resources/NetBeans/java/modules/ext/spring-3.0/spring-asm-3.0.2.RELEASE.jar:/Applications/NetBeans/NetBeans 7.0.app/Contents/Resources/NetBeans/java/modules/ext/spring-3.0/spring-aspects-3.0.2.RELEASE.jar:/Applications/NetBeans/NetBeans 7.0.app/Contents/Resources/NetBeans/java/modules/ext/spring-3.0/spring-beans-3.0.2.RELEASE.jar:/Applications/NetBeans/NetBeans 7.0.app/Contents/Resources/NetBeans/java/modules/ext/spring-3.0/spring-context-3.0.2.RELEASE.jar:/Applications/NetBeans/NetBeans 7.0.app/Contents/Resources/NetBeans/java/modules/ext/spring-3.0/spring-context-support-3.0.2.RELEASE.jar:/Applications/NetBeans/NetBeans 7.0.app/Contents/Resources/NetBeans/java/modules/ext/spring-3.0/spring-core-3.0.2.RELEASE.jar:/Applications/NetBeans/NetBeans 7.0.app/Contents/Resources/NetBeans/java/modules/ext/spring-3.0/spring-expression-3.0.2.RELEASE.jar:/Applications/NetBeans/NetBeans 7.0.app/Contents/Resources/NetBeans/java/modules/ext/spring-3.0/spring-instrument-3.0.2.RELEASE.jar:/Applications/NetBeans/NetBeans 7.0.app/Contents/Resources/NetBeans/java/modules/ext/spring-3.0/spring-instrument-tomcat-3.0.2.RELEASE.jar:/Applications/NetBeans/NetBeans 7.0.app/Contents/Resources/NetBeans/java/modules/ext/spring-3.0/spring-jdbc-3.0.2.RELEASE.jar:/Applications/NetBeans/NetBeans 7.0.app/Contents/Resources/NetBeans/java/modules/ext/spring-3.0/spring-jms-3.0.2.RELEASE.jar:/Applications/NetBeans/NetBeans 7.0.app/Contents/Resources/NetBeans/java/modules/ext/spring-3.0/spring-orm-3.0.2.RELEASE.jar:/Applications/NetBeans/NetBeans 7.0.app/Contents/Resources/NetBeans/java/modules/ext/spring-3.0/spring-oxm-3.0.2.RELEASE.jar:/Applications/NetBeans/NetBeans 7.0.app/Contents/Resources/NetBeans/java/modules/ext/spring-3.0/spring-test-3.0.2.RELEASE.jar:/Applications/NetBeans/NetBeans 7.0.app/Contents/Resources/NetBeans/java/modules/ext/spring-3.0/spring-tx-3.0.2.RELEASE.jar:/Applications/NetBeans/NetBeans 7.0.app/Contents/Resources/NetBeans/java/modules/ext/spring-3.0/spring-web-3.0.2.RELEASE.jar:/Applications/NetBeans/NetBeans 7.0.app/Contents/Resources/NetBeans/java/modules/ext/spring-3.0/spring-webmvc-portlet-3.0.2.RELEASE.jar:/Applications/NetBeans/NetBeans 7.0.app/Contents/Resources/NetBeans/java/modules/ext/spring-3.0/spring-webmvc-3.0.2.RELEASE.jar:/Applications/NetBeans/NetBeans 7.0.app/Contents/Resources/NetBeans/java/modules/ext/spring-3.0/spring-struts-3.0.2.RELEASE.jar" />
    <property name="run.jvmargs" value="" />
    <property name="libs.ejb3-persistence.classpath" value="/Applications/NetBeans/NetBeans 7.0.app/Contents/Resources/NetBeans/java/modules/ext/hibernate/ejb3-persistence.jar" />
    <property name="libs.spring-framework.javadoc" value="" />
    <property name="libs.PostgreSQLDriver.classpath" value="/Applications/NetBeans/NetBeans 7.0.app/Contents/Resources/NetBeans/ide/modules/ext/postgresql-8.3-603.jdbc3.jar" />
    <property name="jnlp.signing" value="" />
    <property name="libs.junit.src" value="" />
    <property name="annotation.processing.source.output" value="build/generated-sources/ap-source-output" />
    <property name="jnlp.signed" value="false" />
    <property name="main.class" value="client.Main" />
    <property name="libs.CopyLibs.src" value="" />
    <property name="build.dir" value="build" />
    <property name="ant.file.DBSClient-impl" value="/Users/xissburg/Documents/Projects/DynamicButtonSoccer/DBSClient/nbproject/build-impl.xml" />
    <property name="ant.version" value="Apache Ant(TM) version 1.8.2 compiled on December 20 2010" />
    <property name="file.encoding" value="MacRoman" />
    <property name="build.classes.excludes" value="**/*.java,**/*.form" />
    <property name="jdkBug6558476" value="false" />
    <property name="javadoc.nonavbar" value="false" />
    <property name="platform.active" value="default_platform" />
    <property name="awt.toolkit" value="apple.awt.CToolkit" />
  </properties>
  <testcase classname="client.MoveToActionTest" name="testUpdate" time="0.021" />
  <system-out><![CDATA[]]></system-out>
  <system-err><![CDATA[]]></system-err>
</testsuite>
